<?xml version="1.0" encoding="UTF-8" ?>
<testsuite failures="0" time="0.008" errors="0" skipped="0" tests="30" name="feature.calculator.CalculatorTest">
  <properties>
    <property name="java.runtime.name" value="Java(TM) SE Runtime Environment"/>
    <property name="sun.boot.library.path" value="/Library/Java/JavaVirtualMachines/jdk1.7.0_79.jdk/Contents/Home/jre/lib"/>
    <property name="java.vm.version" value="24.79-b02"/>
    <property name="user.country.format" value="GB"/>
    <property name="gopherProxySet" value="false"/>
    <property name="java.vm.vendor" value="Oracle Corporation"/>
    <property name="maven.multiModuleProjectDirectory" value="/Users/saktheeshbalaraj/BDDTest/sample-bdd"/>
    <property name="java.vendor.url" value="http://java.oracle.com/"/>
    <property name="path.separator" value=":"/>
    <property name="guice.disable.misplaced.annotation.check" value="true"/>
    <property name="java.vm.name" value="Java HotSpot(TM) 64-Bit Server VM"/>
    <property name="file.encoding.pkg" value="sun.io"/>
    <property name="user.country" value="US"/>
    <property name="sun.java.launcher" value="SUN_STANDARD"/>
    <property name="sun.os.patch.level" value="unknown"/>
    <property name="java.vm.specification.name" value="Java Virtual Machine Specification"/>
    <property name="user.dir" value="/Users/saktheeshbalaraj/BDDTest/sample-bdd"/>
    <property name="java.runtime.version" value="1.7.0_79-b15"/>
    <property name="java.awt.graphicsenv" value="sun.awt.CGraphicsEnvironment"/>
    <property name="java.endorsed.dirs" value="/Library/Java/JavaVirtualMachines/jdk1.7.0_79.jdk/Contents/Home/jre/lib/endorsed"/>
    <property name="os.arch" value="x86_64"/>
    <property name="java.io.tmpdir" value="/var/folders/7r/0n32k4d962jfg29hqywcpymr0000gn/T/"/>
    <property name="line.separator" value="
"/>
    <property name="java.vm.specification.vendor" value="Oracle Corporation"/>
    <property name="os.name" value="Mac OS X"/>
    <property name="classworlds.conf" value="/Users/saktheeshbalaraj/Downloads/apache-maven-3.3.9//bin/m2.conf"/>
    <property name="sun.jnu.encoding" value="UTF-8"/>
    <property name="java.library.path" value="/Users/saktheeshbalaraj/Library/Java/Extensions:/Library/Java/Extensions:/Network/Library/Java/Extensions:/System/Library/Java/Extensions:/usr/lib/java:."/>
    <property name="java.specification.name" value="Java Platform API Specification"/>
    <property name="java.class.version" value="51.0"/>
    <property name="sun.management.compiler" value="HotSpot 64-Bit Tiered Compilers"/>
    <property name="os.version" value="10.11.1"/>
    <property name="http.nonProxyHosts" value="local|*.local|169.254/16|*.169.254/16"/>
    <property name="user.home" value="/Users/saktheeshbalaraj"/>
    <property name="user.timezone" value="Europe/London"/>
    <property name="java.awt.printerjob" value="sun.lwawt.macosx.CPrinterJob"/>
    <property name="java.specification.version" value="1.7"/>
    <property name="file.encoding" value="UTF-8"/>
    <property name="user.name" value="saktheeshbalaraj"/>
    <property name="java.class.path" value="/Users/saktheeshbalaraj/Downloads/apache-maven-3.3.9//boot/plexus-classworlds-2.5.2.jar"/>
    <property name="java.vm.specification.version" value="1.7"/>
    <property name="sun.arch.data.model" value="64"/>
    <property name="java.home" value="/Library/Java/JavaVirtualMachines/jdk1.7.0_79.jdk/Contents/Home/jre"/>
    <property name="sun.java.command" value="org.codehaus.plexus.classworlds.launcher.Launcher test"/>
    <property name="java.specification.vendor" value="Oracle Corporation"/>
    <property name="user.language" value="en"/>
    <property name="awt.toolkit" value="sun.lwawt.macosx.LWCToolkit"/>
    <property name="java.vm.info" value="mixed mode"/>
    <property name="java.version" value="1.7.0_79"/>
    <property name="java.ext.dirs" value="/Users/saktheeshbalaraj/Library/Java/Extensions:/Library/Java/JavaVirtualMachines/jdk1.7.0_79.jdk/Contents/Home/jre/lib/ext:/Library/Java/Extensions:/Network/Library/Java/Extensions:/System/Library/Java/Extensions:/usr/lib/java"/>
    <property name="sun.boot.class.path" value="/Library/Java/JavaVirtualMachines/jdk1.7.0_79.jdk/Contents/Home/jre/lib/resources.jar:/Library/Java/JavaVirtualMachines/jdk1.7.0_79.jdk/Contents/Home/jre/lib/rt.jar:/Library/Java/JavaVirtualMachines/jdk1.7.0_79.jdk/Contents/Home/jre/lib/sunrsasign.jar:/Library/Java/JavaVirtualMachines/jdk1.7.0_79.jdk/Contents/Home/jre/lib/jsse.jar:/Library/Java/JavaVirtualMachines/jdk1.7.0_79.jdk/Contents/Home/jre/lib/jce.jar:/Library/Java/JavaVirtualMachines/jdk1.7.0_79.jdk/Contents/Home/jre/lib/charsets.jar:/Library/Java/JavaVirtualMachines/jdk1.7.0_79.jdk/Contents/Home/jre/lib/jfr.jar:/Library/Java/JavaVirtualMachines/jdk1.7.0_79.jdk/Contents/Home/jre/classes"/>
    <property name="java.vendor" value="Oracle Corporation"/>
    <property name="maven.home" value="/Users/saktheeshbalaraj/Downloads/apache-maven-3.3.9"/>
    <property name="file.separator" value="/"/>
    <property name="java.vendor.url.bug" value="http://bugreport.sun.com/bugreport/"/>
    <property name="sun.cpu.endian" value="little"/>
    <property name="sun.io.unicode.encoding" value="UnicodeBig"/>
    <property name="socksNonProxyHosts" value="local|*.local|169.254/16|*.169.254/16"/>
    <property name="ftp.nonProxyHosts" value="local|*.local|169.254/16|*.169.254/16"/>
    <property name="sun.cpu.isalist" value=""/>
  </properties>
  <testcase time="0.002" classname="Scenario: Add two numbers of new calc" name="Given first number 1"/>
  <testcase time="0" classname="Scenario: Add two numbers of new calc" name="And second number 2"/>
  <testcase time="0" classname="Scenario: Add two numbers of new calc" name="When the user do calculate"/>
  <testcase time="0" classname="Scenario: Add two numbers of new calc" name="Then result should be printed as &apos;3&apos;"/>
  <testcase time="0" classname="Scenario: Add two numbers of new calc" name="Scenario: Add two numbers of new calc"/>
  <testcase time="0" classname="Scenario: Add two numbers negetive case of new calc" name="Given first number 10"/>
  <testcase time="0" classname="Scenario: Add two numbers negetive case of new calc" name="And second number 10"/>
  <testcase time="0" classname="Scenario: Add two numbers negetive case of new calc" name="When the user do calculate"/>
  <testcase time="0" classname="Scenario: Add two numbers negetive case of new calc" name="Then result should be printed as &apos;20&apos;"/>
  <testcase time="0" classname="Scenario: Add two numbers negetive case of new calc" name="Scenario: Add two numbers negetive case of new calc"/>
  <testcase time="0" classname="Scenario: Add two numbers" name="Given first number 100"/>
  <testcase time="0.001" classname="Scenario: Add two numbers" name="And second number 200"/>
  <testcase time="0" classname="Scenario: Add two numbers" name="When the user do calculate"/>
  <testcase time="0" classname="Scenario: Add two numbers" name="Then result should be printed as &apos;300&apos;"/>
  <testcase time="0" classname="Scenario: Add two numbers" name="Scenario: Add two numbers"/>
  <testcase time="0" classname="Scenario: Add two numbers negetive case" name="Given first number 100"/>
  <testcase time="0" classname="Scenario: Add two numbers negetive case" name="And second number 100"/>
  <testcase time="0" classname="Scenario: Add two numbers negetive case" name="When the user do calculate"/>
  <testcase time="0" classname="Scenario: Add two numbers negetive case" name="Then result should be printed as &apos;200&apos;"/>
  <testcase time="0" classname="Scenario: Add two numbers negetive case" name="Scenario: Add two numbers negetive case"/>
  <testcase time="0" classname="| 12 | 5 | 17 |" name="Given first number 12"/>
  <testcase time="0" classname="| 12 | 5 | 17 |" name="And second number 5"/>
  <testcase time="0.001" classname="| 12 | 5 | 17 |" name="When the user do calculate"/>
  <testcase time="0" classname="| 12 | 5 | 17 |" name="Then result should be printed as &apos;17&apos;"/>
  <testcase time="0" classname="| 12 | 5 | 17 |" name="| 12 | 5 | 17 |"/>
  <testcase time="0" classname="| 20 | 5 | 25 |" name="Given first number 20"/>
  <testcase time="0.001" classname="| 20 | 5 | 25 |" name="And second number 5"/>
  <testcase time="0.001" classname="| 20 | 5 | 25 |" name="When the user do calculate"/>
  <testcase time="0.001" classname="| 20 | 5 | 25 |" name="Then result should be printed as &apos;25&apos;"/>
  <testcase time="0.001" classname="| 20 | 5 | 25 |" name="| 20 | 5 | 25 |"/>
</testsuite>